<?xml version="1.0" encoding="UTF-8"?>
<!-- Generated by org.testng.reporters.JUnitReportReporter -->
<testsuite hostname="DESKTOP-6Q2E9ON" failures="0" tests="1" name="test.DemoTestng" time="6.112" errors="0" timestamp="2021-04-21T06:03:51 EDT" skipped="0">
  <testcase classname="test.DemoTestng" name="loginpage" time="6.112"/>
  <system-out/>
</testsuite> <!-- test.DemoTestng -->
