<?xml version="1.0" encoding="UTF-8"?>
<!-- Generated by org.testng.reporters.JUnitReportReporter -->
<testsuite hostname="DESKTOP-6Q2E9ON" failures="0" tests="1" name="test.DemoTestng2" time="10.443" errors="0" timestamp="2021-04-16T09:33:35 EDT" skipped="0">
  <testcase classname="test.DemoTestng2" name="loginpage2" time="10.443"/>
  <system-out/>
</testsuite> <!-- test.DemoTestng2 -->
