<?xml version="1.0" encoding="UTF-8"?>
<!-- Generated by org.testng.reporters.JUnitReportReporter -->
<testsuite hostname="DESKTOP-6Q2E9ON" failures="0" tests="3" name="listeners.TestNGListenerDemo2" time="0.021" errors="0" timestamp="2021-04-15T12:50:26 EDT" skipped="1">
  <testcase classname="listeners.TestNGListenerDemo2" name="Test5" time="0.002"/>
  <system-out/>
  <testcase classname="listeners.TestNGListenerDemo2" name="Test6" time="0.002">
    <skipped/>
  </testcase> <!-- Test6 -->
  <system-out/>
  <testcase classname="listeners.TestNGListenerDemo2" name="Test4" time="0.017"/>
  <system-out/>
</testsuite> <!-- listeners.TestNGListenerDemo2 -->
